<?xml version="1.0" encoding="UTF-8"?>
<!-- Generated by org.testng.reporters.JUnitReportReporter -->
<testsuite hostname="Nisha" failures="0" tests="1" name="com.tutorialsninja.qa.testcases.Search" time="5.635" errors="0" timestamp="2025-02-02T16:45:08 IST" skipped="0">
  <testcase classname="com.tutorialsninja.qa.testcases.Search" name="verifySearchbyValidName" time="5.635"/>
</testsuite> <!-- com.tutorialsninja.qa.testcases.Search -->
