<?xml version="1.0" encoding="UTF-8"?>
<!-- Generated by org.testng.reporters.JUnitReportReporter -->
<testsuite hostname="Nisha" failures="0" tests="2" name="com.tutorialsninja.qa.testcases.Login" time="13.556" errors="0" timestamp="2025-01-31T22:00:50 IST" skipped="0">
  <testcase classname="com.tutorialsninja.qa.testcases.Login" name="verifyLoginwithInvalidCredentials" time="5.009"/>
  <testcase classname="com.tutorialsninja.qa.testcases.Login" name="verifyLoginwithValidCredentials" time="8.547"/>
</testsuite> <!-- com.tutorialsninja.qa.testcases.Login -->
