<?xml version="1.0" encoding="UTF-8"?>
<!-- Generated by org.testng.reporters.JUnitReportReporter -->
<testsuite hostname="Nisha" failures="0" tests="1" name="com.tutorialsninja.qa.testcases.Register" time="6.245" errors="0" timestamp="2025-02-01T19:26:33 IST" skipped="0">
  <testcase classname="com.tutorialsninja.qa.testcases.Register" name="verifyRegisterUsingExiistingEmail" time="6.245"/>
</testsuite> <!-- com.tutorialsninja.qa.testcases.Register -->
